<?xml version="1.0" encoding="UTF-8"?>
<!-- Generated by org.testng.reporters.JUnitXMLReporter -->
<testsuite hostname="qainfotech-HP-Pro-3330-MT" ignored="0" name="Default test" tests="4" failures="0" timestamp="01 Mar 2019 11:11:52 GMT" time="5.817" errors="0">
  <testcase name="validateGridTest" time="1.128" classname="com.qait.practice.tatoc.TestTheAction"/>
  <testcase name="boxColorMatchTest" time="2.428" classname="com.qait.practice.tatoc.TestTheAction"/>
  <testcase name="dragAndDropTest" time="0.329" classname="com.qait.practice.tatoc.TestTheAction"/>
  <testcase name="popUpWindowTest" time="0.502" classname="com.qait.practice.tatoc.TestTheAction"/>
</testsuite> <!-- Default test -->
